<?xml version="1.0" encoding="UTF-8"?>
<testng-results ignored="0" total="2" passed="2" failed="0" skipped="0">
  <reporter-output>
  </reporter-output>
  <suite started-at="2024-06-24T01:20:38 EDT" name="Default suite" finished-at="2024-06-24T01:20:44 EDT" duration-ms="6496">
    <groups>
    </groups>
    <test started-at="2024-06-24T01:20:38 EDT" name="Default test" finished-at="2024-06-24T01:20:44 EDT" duration-ms="6496">
      <class name="TestNGexm.TestNGBasedTest">
        <test-method is-config="true" signature="setUp()[pri:0, instance:TestNGexm.TestNGBasedTest@7068e664]" started-at="2024-06-24T01:20:38 EDT" name="setUp" finished-at="2024-06-24T01:20:41 EDT" duration-ms="3189" status="PASS">
          <reporter-output>
          </reporter-output>
        </test-method> <!-- setUp -->
        <test-method signature="verifyTitle()[pri:0, instance:TestNGexm.TestNGBasedTest@7068e664]" started-at="2024-06-24T01:20:41 EDT" name="verifyTitle" finished-at="2024-06-24T01:20:41 EDT" duration-ms="49" status="PASS">
          <reporter-output>
          </reporter-output>
        </test-method> <!-- verifyTitle -->
        <test-method is-config="true" signature="TearDown()[pri:0, instance:TestNGexm.TestNGBasedTest@7068e664]" started-at="2024-06-24T01:20:41 EDT" name="TearDown" finished-at="2024-06-24T01:20:41 EDT" duration-ms="243" status="PASS">
          <reporter-output>
          </reporter-output>
        </test-method> <!-- TearDown -->
        <test-method is-config="true" signature="setUp()[pri:0, instance:TestNGexm.TestNGBasedTest@7068e664]" started-at="2024-06-24T01:20:41 EDT" name="setUp" finished-at="2024-06-24T01:20:44 EDT" duration-ms="2769" status="PASS">
          <reporter-output>
          </reporter-output>
        </test-method> <!-- setUp -->
        <test-method signature="verifyLogo()[pri:2, instance:TestNGexm.TestNGBasedTest@7068e664]" started-at="2024-06-24T01:20:44 EDT" name="verifyLogo" finished-at="2024-06-24T01:20:44 EDT" duration-ms="64" status="PASS">
          <reporter-output>
          </reporter-output>
        </test-method> <!-- verifyLogo -->
        <test-method is-config="true" signature="TearDown()[pri:0, instance:TestNGexm.TestNGBasedTest@7068e664]" started-at="2024-06-24T01:20:44 EDT" name="TearDown" finished-at="2024-06-24T01:20:44 EDT" duration-ms="131" status="PASS">
          <reporter-output>
          </reporter-output>
        </test-method> <!-- TearDown -->
      </class> <!-- TestNGexm.TestNGBasedTest -->
    </test> <!-- Default test -->
  </suite> <!-- Default suite -->
</testng-results>
